<?xml version="1.0" encoding="UTF-8"?>
<testsuite xmlns:xsi="http://www.w3.org/2001/XMLSchema-instance" xsi:noNamespaceSchemaLocation="https://maven.apache.org/surefire/maven-surefire-plugin/xsd/surefire-test-report-3.0.xsd" version="3.0" name="edu.unisabana.dyas.tdd.registry.RegistryTest" time="0.057" tests="5" errors="0" skipped="0" failures="0">
  <properties>
    <property name="java.specification.version" value="17"/>
    <property name="sun.cpu.isalist" value="amd64"/>
    <property name="sun.jnu.encoding" value="Cp1252"/>
    <property name="java.class.path" value="C:\CLASESEQUIVALENCIA\target\test-classes;C:\CLASESEQUIVALENCIA\target\classes;C:\Users\angne\.m2\repository\junit\junit\4.13.2\junit-4.13.2.jar;C:\Users\angne\.m2\repository\org\hamcrest\hamcrest-core\1.3\hamcrest-core-1.3.jar;"/>
    <property name="java.vm.vendor" value="Microsoft"/>
    <property name="sun.arch.data.model" value="64"/>
    <property name="user.variant" value=""/>
    <property name="java.vendor.url" value="https://www.microsoft.com"/>
    <property name="user.timezone" value="America/Bogota"/>
    <property name="os.name" value="Windows 11"/>
    <property name="java.vm.specification.version" value="17"/>
    <property name="sun.java.launcher" value="SUN_STANDARD"/>
    <property name="user.country" value="CO"/>
    <property name="sun.boot.library.path" value="C:\Program Files\Microsoft\jdk-17.0.8.7-hotspot\bin"/>
    <property name="sun.java.command" value="C:\Users\angne\AppData\Local\Temp\surefire15358230903718801206\surefirebooter-20240423153317370_3.jar C:\Users\angne\AppData\Local\Temp\surefire15358230903718801206 2024-04-23T15-33-17_017-jvmRun1 surefire-20240423153317370_1tmp surefire_0-20240423153317370_2tmp"/>
    <property name="jdk.debug" value="release"/>
    <property name="surefire.test.class.path" value="C:\CLASESEQUIVALENCIA\target\test-classes;C:\CLASESEQUIVALENCIA\target\classes;C:\Users\angne\.m2\repository\junit\junit\4.13.2\junit-4.13.2.jar;C:\Users\angne\.m2\repository\org\hamcrest\hamcrest-core\1.3\hamcrest-core-1.3.jar;"/>
    <property name="sun.cpu.endian" value="little"/>
    <property name="user.home" value="C:\Users\angne"/>
    <property name="user.language" value="es"/>
    <property name="java.specification.vendor" value="Oracle Corporation"/>
    <property name="java.version.date" value="2023-07-18"/>
    <property name="java.home" value="C:\Program Files\Microsoft\jdk-17.0.8.7-hotspot"/>
    <property name="file.separator" value="\"/>
    <property name="basedir" value="C:\CLASESEQUIVALENCIA"/>
    <property name="java.vm.compressedOopsMode" value="Zero based"/>
    <property name="line.separator" value="&#10;"/>
    <property name="java.vm.specification.vendor" value="Oracle Corporation"/>
    <property name="java.specification.name" value="Java Platform API Specification"/>
    <property name="surefire.real.class.path" value="C:\Users\angne\AppData\Local\Temp\surefire15358230903718801206\surefirebooter-20240423153317370_3.jar"/>
    <property name="user.script" value=""/>
    <property name="sun.management.compiler" value="HotSpot 64-Bit Tiered Compilers"/>
    <property name="java.runtime.version" value="17.0.8+7-LTS"/>
    <property name="user.name" value="angne"/>
    <property name="path.separator" value=";"/>
    <property name="os.version" value="10.0"/>
    <property name="java.runtime.name" value="OpenJDK Runtime Environment"/>
    <property name="file.encoding" value="Cp1252"/>
    <property name="java.vm.name" value="OpenJDK 64-Bit Server VM"/>
    <property name="java.vendor.version" value="Microsoft-8035246"/>
    <property name="localRepository" value="C:\Users\angne\.m2\repository"/>
    <property name="java.vendor.url.bug" value="https://github.com/microsoft/openjdk/issues"/>
    <property name="java.io.tmpdir" value="C:\Users\angne\AppData\Local\Temp\"/>
    <property name="java.version" value="17.0.8"/>
    <property name="user.dir" value="C:\CLASESEQUIVALENCIA"/>
    <property name="os.arch" value="amd64"/>
    <property name="java.vm.specification.name" value="Java Virtual Machine Specification"/>
    <property name="sun.os.patch.level" value=""/>
    <property name="native.encoding" value="Cp1252"/>
    <property name="java.library.path" value="C:\Program Files\Microsoft\jdk-17.0.8.7-hotspot\bin;C:\Windows\Sun\Java\bin;C:\Windows\system32;C:\Windows;C:\Program Files\Microsoft\jdk-17.0.8.7-hotspot\bin;C:\Program Files\Common Files\Oracle\Java\javapath;C:\Program Files (x86)\Common Files\Oracle\Java\javapath;C:\Windows\system32;C:\Windows;C:\Windows\System32\Wbem;C:\Windows\System32\WindowsPowerShell\v1.0\;C:\Windows\System32\OpenSSH\;C:\Program Files (x86)\NVIDIA Corporation\PhysX\Common;C:\Program Files\NVIDIA Corporation\NVIDIA NvDLISR;C:\Program Files (x86)\Microsoft SQL Server\160\DTS\Binn\;C:\Program Files\Azure Data Studio\bin;C:\Program Files (x86)\Microsoft SQL Server\160\Tools\Binn\;C:\Program Files\Microsoft SQL Server\160\Tools\Binn\;C:\Program Files\Microsoft SQL Server\Client SDK\ODBC\170\Tools\Binn\;C:\Program Files\Microsoft SQL Server\160\DTS\Binn\;C:\Program Files\Git\cmd;C:\Program Files\dotnet\;C:\Gradle\gradle-8.5\bin;C:\Users\angne\AppData\Local\Android\Sdk\cmdline-tools\latest;C:\ProgramData\chocolatey\bin;C:\Program Files\nodejs\;%MAVEN_HOME%\bin;C:\Gradle\gradle-8.3\bin;C:\Users\angne\AppData\Local\Android\Sdk\platform-tools;C:\Users\angne\AppData\Local\Android\Sdk\tools;C:\Users\angne\AppData\Local\Microsoft\WindowsApps;C:\Users\angne\AppData\Local\Programs\Microsoft VS Code\bin;C:\Program Files\Azure Data Studio\bin;C:\Users\angne\AppData\Roaming\npm;C:\Users\angne\AppData\Local\Android\Sdk;C:\Program Files\apache-maven-3.9.6-bin\apache-maven-3.9.6\bin;;."/>
    <property name="java.vm.info" value="mixed mode, sharing"/>
    <property name="java.vendor" value="Microsoft"/>
    <property name="java.vm.version" value="17.0.8+7-LTS"/>
    <property name="sun.io.unicode.encoding" value="UnicodeLittle"/>
    <property name="java.class.version" value="61.0"/>
  </properties>
  <testcase name="testDuplicateId" classname="edu.unisabana.dyas.tdd.registry.RegistryTest" time="0.01"/>
  <testcase name="testValidVoter" classname="edu.unisabana.dyas.tdd.registry.RegistryTest" time="0.0"/>
  <testcase name="testInvalidGender" classname="edu.unisabana.dyas.tdd.registry.RegistryTest" time="0.0"/>
  <testcase name="testDeceasedPerson" classname="edu.unisabana.dyas.tdd.registry.RegistryTest" time="0.0"/>
  <testcase name="testUnderagePerson" classname="edu.unisabana.dyas.tdd.registry.RegistryTest" time="0.0"/>
</testsuite>